<?xml version="1.0" encoding="UTF-8"?>
<!-- Generated by org.testng.reporters.JUnitReportReporter -->
<testsuite hostname="Anna" failures="0" tests="5" name="assignment_oct30.amazon_testNG" time="4.108" errors="0" timestamp="2022-11-07T09:26:47 EST" skipped="0">
  <testcase classname="assignment_oct30.amazon_testNG" name="setup" time="2.801"/>
  <system-out/>
  <testcase classname="assignment_oct30.amazon_testNG" name="clickonSignin" time="0.788"/>
  <system-out/>
  <testcase classname="assignment_oct30.amazon_testNG" name="clickonCreateAccount" time="0.329"/>
  <system-out/>
  <testcase classname="assignment_oct30.amazon_testNG" name="firstNameBox" time="0.096"/>
  <system-out/>
  <testcase classname="assignment_oct30.amazon_testNG" name="emailandMobileBox" time="0.094"/>
  <system-out/>
</testsuite> <!-- assignment_oct30.amazon_testNG -->
